==============================================================================
Suites                                                                        
==============================================================================
Suites.TableTestDay8                                                          
==============================================================================
CheckBox_Validation                                                   | PASS |
------------------------------------------------------------------------------
TestTable_HTML_robot                                                  7
4
BookName
Author
Subject
Price
| PASS |
------------------------------------------------------------------------------
Suites.TableTestDay8                                                  | PASS |
2 tests, 2 passed, 0 failed
==============================================================================
Suites                                                                | PASS |
2 tests, 2 passed, 0 failed
==============================================================================
Output:  C:\Users\00003983\development\Day1PythonPgm\Reports\pabot_results\1\output.xml
